<?xml version="1.0" encoding="UTF-8"?>
<testng-results ignored="0" total="2" passed="2" failed="0" skipped="0">
  <reporter-output>
  </reporter-output>
  <suite started-at="2023-03-29T19:53:10Z" name="Default suite" finished-at="2023-03-29T19:53:10Z" duration-ms="28">
    <groups>
    </groups>
    <test started-at="2023-03-29T19:53:10Z" name="Default test" finished-at="2023-03-29T19:53:10Z" duration-ms="28">
      <class name="march22.SearchProduct">
        <test-method signature="searchProduct()[pri:0, instance:march22.SearchProduct@1e097d59]" started-at="2023-03-29T19:53:10Z" name="searchProduct" finished-at="2023-03-29T19:53:10Z" duration-ms="7" status="PASS">
          <reporter-output>
          </reporter-output>
        </test-method> <!-- searchProduct -->
        <test-method signature="searchSpecificProduct()[pri:0, instance:march22.SearchProduct@1e097d59]" started-at="2023-03-29T19:53:10Z" name="searchSpecificProduct" finished-at="2023-03-29T19:53:10Z" duration-ms="1" status="PASS">
          <reporter-output>
          </reporter-output>
        </test-method> <!-- searchSpecificProduct -->
      </class> <!-- march22.SearchProduct -->
    </test> <!-- Default test -->
  </suite> <!-- Default suite -->
</testng-results>
